DummyDictionary/app/build 4/intermediates/manifest_merge_blame_file/debug/manifest-merger-blame-debug-report.txt
1<?xml version="1.0" encoding="utf-8"?>
2<manifest xmlns:android="http://schemas.android.com/apk/res/android"
3    package="com.escobar.dummydictionary"
4    android:versionCode="1"
5    android:versionName="1.0" >
6
7    <uses-sdk
8        android:minSdkVersion="21"
8-->src/main/AndroidManifest.xml
9        android:targetSdkVersion="32" />
9-->src/main/AndroidManifest.xml
10
11    <uses-permission android:name="android.permission.INTERNET" />
11-->src/main/AndroidManifest.xml:5:5-66
11-->src/main/AndroidManifest.xml:5:22-64
12    <uses-permission android:name="android.permission.REORDER_TASKS" />
12-->[androidx.fragment:fragment-testing:1.4.1] AndroidManifest.xml:25:5-72
12-->[androidx.fragment:fragment-testing:1.4.1] AndroidManifest.xml:25:22-69
13
14    <application
14-->src/main/AndroidManifest.xml:7:5-29:19
15        android:name="com.escobar.dummydictionary.DummyDictionaryApplication"
15-->src/main/AndroidManifest.xml:8:9-51
16        android:allowBackup="true"
16-->src/main/AndroidManifest.xml:9:9-35
17        android:appComponentFactory="androidx.core.app.CoreComponentFactory"
17-->[androidx.core:core:1.7.0] AndroidManifest.xml:24:18-86
18        android:debuggable="true"
19        android:icon="@mipmap/ic_launcher"
19-->src/main/AndroidManifest.xml:10:9-43
20        android:label="@string/app_name"
20-->src/main/AndroidManifest.xml:11:9-41
21        android:roundIcon="@mipmap/ic_launcher_round"
21-->src/main/AndroidManifest.xml:13:9-54
22        android:supportsRtl="true"
22-->src/main/AndroidManifest.xml:14:9-35
23        android:testOnly="true"
24        android:theme="@style/Theme.DummyDictionary"
24-->src/main/AndroidManifest.xml:15:9-53
25        android:usesCleartextTraffic="true" >
25-->src/main/AndroidManifest.xml:12:9-44
26        <activity
26-->src/main/AndroidManifest.xml:16:9-25:20
27            android:name="com.escobar.dummydictionary.ui.login.LoginActivity"
27-->src/main/AndroidManifest.xml:17:13-51
28            android:exported="true" >
28-->src/main/AndroidManifest.xml:18:13-36
29            <intent-filter>
29-->src/main/AndroidManifest.xml:20:13-24:29
30                <action android:name="android.intent.action.MAIN" />
30-->src/main/AndroidManifest.xml:21:17-69
30-->src/main/AndroidManifest.xml:21:25-66
31
32                <category android:name="android.intent.category.LAUNCHER" />
32-->src/main/AndroidManifest.xml:23:17-77
32-->src/main/AndroidManifest.xml:23:27-74
33            </intent-filter>
34        </activity>
35        <activity
35-->src/main/AndroidManifest.xml:26:9-28:38
36            android:name="com.escobar.dummydictionary.MainActivity"
36-->src/main/AndroidManifest.xml:27:13-41
37            android:exported="true" />
37-->src/main/AndroidManifest.xml:28:13-36
38        <activity
38-->[androidx.fragment:fragment-testing:1.4.1] AndroidManifest.xml:28:9-37:20
39            android:name="androidx.fragment.app.testing.FragmentScenario$EmptyFragmentActivity"
39-->[androidx.fragment:fragment-testing:1.4.1] AndroidManifest.xml:29:13-96
40            android:exported="true"
40-->[androidx.fragment:fragment-testing:1.4.1] AndroidManifest.xml:30:13-36
41            android:multiprocess="true"
41-->[androidx.fragment:fragment-testing:1.4.1] AndroidManifest.xml:31:13-40
42            android:taskAffinity=""
42-->[androidx.fragment:fragment-testing:1.4.1] AndroidManifest.xml:32:13-36
43            android:theme="@style/FragmentScenarioEmptyFragmentActivityTheme" >
43-->[androidx.fragment:fragment-testing:1.4.1] AndroidManifest.xml:33:13-78
44            <intent-filter>
44-->[androidx.fragment:fragment-testing:1.4.1] AndroidManifest.xml:34:13-36:29
45                <action android:name="android.intent.action.MAIN" />
45-->src/main/AndroidManifest.xml:21:17-69
45-->src/main/AndroidManifest.xml:21:25-66
46            </intent-filter>
47        </activity>
48
49        <uses-library
49-->[androidx.window:window:1.0.0] AndroidManifest.xml:25:9-27:40
50            android:name="androidx.window.extensions"
50-->[androidx.window:window:1.0.0] AndroidManifest.xml:26:13-54
51            android:required="false" />
51-->[androidx.window:window:1.0.0] AndroidManifest.xml:27:13-37
52        <uses-library
52-->[androidx.window:window:1.0.0] AndroidManifest.xml:28:9-30:40
53            android:name="androidx.window.sidecar"
53-->[androidx.window:window:1.0.0] AndroidManifest.xml:29:13-51
54            android:required="false" />
54-->[androidx.window:window:1.0.0] AndroidManifest.xml:30:13-37
55
56        <service
56-->[androidx.room:room-runtime:2.5.0-alpha01] AndroidManifest.xml:26:9-30:63
57            android:name="androidx.room.MultiInstanceInvalidationService"
57-->[androidx.room:room-runtime:2.5.0-alpha01] AndroidManifest.xml:27:13-74
58            android:directBootAware="true"
58-->[androidx.room:room-runtime:2.5.0-alpha01] AndroidManifest.xml:28:13-43
59            android:exported="false" />
59-->[androidx.room:room-runtime:2.5.0-alpha01] AndroidManifest.xml:29:13-37
60
61        <activity
61-->[androidx.test:core:1.4.0] AndroidManifest.xml:27:9-34:20
62            android:name="androidx.test.core.app.InstrumentationActivityInvoker$BootstrapActivity"
62-->[androidx.test:core:1.4.0] AndroidManifest.xml:28:13-99
63            android:exported="true"
63-->[androidx.test:core:1.4.0] AndroidManifest.xml:29:13-36
64            android:theme="@android:style/Theme" >
64-->[androidx.test:core:1.4.0] AndroidManifest.xml:30:13-49
65            <intent-filter>
65-->[androidx.fragment:fragment-testing:1.4.1] AndroidManifest.xml:34:13-36:29
66                <action android:name="android.intent.action.MAIN" />
66-->src/main/AndroidManifest.xml:21:17-69
66-->src/main/AndroidManifest.xml:21:25-66
67            </intent-filter>
68        </activity>
69        <activity
69-->[androidx.test:core:1.4.0] AndroidManifest.xml:35:9-42:20
70            android:name="androidx.test.core.app.InstrumentationActivityInvoker$EmptyActivity"
70-->[androidx.test:core:1.4.0] AndroidManifest.xml:36:13-95
71            android:exported="true"
71-->[androidx.test:core:1.4.0] AndroidManifest.xml:37:13-36
72            android:theme="@android:style/Theme" >
72-->[androidx.test:core:1.4.0] AndroidManifest.xml:38:13-49
73            <intent-filter>
73-->[androidx.fragment:fragment-testing:1.4.1] AndroidManifest.xml:34:13-36:29
74                <action android:name="android.intent.action.MAIN" />
74-->src/main/AndroidManifest.xml:21:17-69
74-->src/main/AndroidManifest.xml:21:25-66
75            </intent-filter>
76        </activity>
77        <activity
77-->[androidx.test:core:1.4.0] AndroidManifest.xml:43:9-50:20
78            android:name="androidx.test.core.app.InstrumentationActivityInvoker$EmptyFloatingActivity"
78-->[androidx.test:core:1.4.0] AndroidManifest.xml:44:13-103
79            android:exported="true"
79-->[androidx.test:core:1.4.0] AndroidManifest.xml:45:13-36
80            android:theme="@android:style/Theme.Dialog" >
80-->[androidx.test:core:1.4.0] AndroidManifest.xml:46:13-56
81            <intent-filter>
81-->[androidx.fragment:fragment-testing:1.4.1] AndroidManifest.xml:34:13-36:29
82                <action android:name="android.intent.action.MAIN" />
82-->src/main/AndroidManifest.xml:21:17-69
82-->src/main/AndroidManifest.xml:21:25-66
83            </intent-filter>
84        </activity>
85
86        <provider
86-->[androidx.emoji2:emoji2:1.0.0] AndroidManifest.xml:26:9-34:20
87            android:name="androidx.startup.InitializationProvider"
87-->[androidx.emoji2:emoji2:1.0.0] AndroidManifest.xml:27:13-67
88            android:authorities="com.escobar.dummydictionary.androidx-startup"
88-->[androidx.emoji2:emoji2:1.0.0] AndroidManifest.xml:28:13-68
89            android:exported="false" >
89-->[androidx.emoji2:emoji2:1.0.0] AndroidManifest.xml:29:13-37
90            <meta-data
90-->[androidx.emoji2:emoji2:1.0.0] AndroidManifest.xml:31:13-33:52
91                android:name="androidx.emoji2.text.EmojiCompatInitializer"
91-->[androidx.emoji2:emoji2:1.0.0] AndroidManifest.xml:32:17-75
92                android:value="androidx.startup" />
92-->[androidx.emoji2:emoji2:1.0.0] AndroidManifest.xml:33:17-49
93            <meta-data
93-->[androidx.lifecycle:lifecycle-process:2.4.0] AndroidManifest.xml:31:13-33:52
94                android:name="androidx.lifecycle.ProcessLifecycleInitializer"
94-->[androidx.lifecycle:lifecycle-process:2.4.0] AndroidManifest.xml:32:17-78
95                android:value="androidx.startup" />
95-->[androidx.lifecycle:lifecycle-process:2.4.0] AndroidManifest.xml:33:17-49
96        </provider>
97    </application>
98
99</manifest>